[2026-04-03T10:29:16.7438475Z] [Info] [Thread 1] Debug logging initialized. Writing to 'D:\NewProjects\Games\PETAR-PlanetExplorer\PETAR-PlanetExplorer\bin\Debug\net8.0\logs\PETAR-PlanetExplorer-20260403-102916.log'.
[2026-04-03T10:29:16.7460143Z] [Info] [Thread 1] Starting game runtime.
[2026-04-03T10:29:17.1827861Z] [Debug] [Thread 1] Game1 instance created.
[2026-04-03T10:29:17.5551685Z] [Debug] [Thread 1] Initializing game systems.
[2026-04-03T10:29:18.5339616Z] [Debug] [Thread 1] Game content loaded.
[2026-04-03T10:29:18.5340511Z] [Info] [Thread 1] Loaded font resource 'Fonts/SpaceFont'.
[2026-04-03T10:29:18.5340714Z] [Info] [Thread 1] Generated procedural world map 1024x1024 using seed 74291.
[2026-04-03T10:29:18.6807575Z] [Critical] [Thread 1] Unhandled exception while running the game.
System.ArgumentException: Text contains characters that cannot be resolved by this SpriteFont. (Parameter 'text')
   at Microsoft.Xna.Framework.Graphics.SpriteFont.GetGlyphIndexOrDefault(Char c)
   at Microsoft.Xna.Framework.Graphics.SpriteFont.MeasureString(CharacterSource& text, Vector2& size)
   at Microsoft.Xna.Framework.Graphics.SpriteFont.MeasureString(String text)
   at PETAR_PlanetExplorer.PETARPlanetExplorer.Draw(GameTime gameTime) in D:\NewProjects\Games\PETAR-PlanetExplorer\PETAR-PlanetExplorer\PETARPlanetExplorer.cs:line 139
   at Microsoft.Xna.Framework.Game.DoDraw(GameTime gameTime)
   at Microsoft.Xna.Framework.Game.Tick()
   at Microsoft.Xna.Framework.SdlGamePlatform.RunLoop()
   at Microsoft.Xna.Framework.Game.Run(GameRunBehavior runBehavior)
   at Program.<Main>$(String[] args) in D:\NewProjects\Games\PETAR-PlanetExplorer\PETAR-PlanetExplorer\Program.cs:line 11
[2026-04-03T10:29:18.7213131Z] [Critical] [Thread 1] Unhandled application exception.
System.ArgumentException: Text contains characters that cannot be resolved by this SpriteFont. (Parameter 'text')
   at Microsoft.Xna.Framework.Graphics.SpriteFont.GetGlyphIndexOrDefault(Char c)
   at Microsoft.Xna.Framework.Graphics.SpriteFont.MeasureString(CharacterSource& text, Vector2& size)
   at Microsoft.Xna.Framework.Graphics.SpriteFont.MeasureString(String text)
   at PETAR_PlanetExplorer.PETARPlanetExplorer.Draw(GameTime gameTime) in D:\NewProjects\Games\PETAR-PlanetExplorer\PETAR-PlanetExplorer\PETARPlanetExplorer.cs:line 139
   at Microsoft.Xna.Framework.Game.DoDraw(GameTime gameTime)
   at Microsoft.Xna.Framework.Game.Tick()
   at Microsoft.Xna.Framework.SdlGamePlatform.RunLoop()
   at Microsoft.Xna.Framework.Game.Run(GameRunBehavior runBehavior)
   at Program.<Main>$(String[] args) in D:\NewProjects\Games\PETAR-PlanetExplorer\PETAR-PlanetExplorer\Program.cs:line 11
