[2026-04-10T01:39:55.7951306Z] [Info] [Thread 1] Debug logging initialized. Writing to 'D:\NewProjects\Games\PETAR-PlanetExplorer\PETAR-PlanetExplorer\bin\Debug\net8.0\logs\PETAR-PlanetExplorer-20260410-013955.log'.
[2026-04-10T01:39:55.7971976Z] [Info] [Thread 1] Starting game runtime.
[2026-04-10T01:39:56.2200870Z] [Debug] [Thread 1] PETARPlanetExplorer instance created.
[2026-04-10T01:39:56.6801956Z] [Debug] [Thread 1] Initializing game systems.
[2026-04-10T01:39:56.7960994Z] [Debug] [Thread 1] Game content loaded.
[2026-04-10T01:39:56.7961763Z] [Info] [Thread 1] Loaded font resource 'Fonts/SpaceFont'.
[2026-04-10T01:39:56.7979562Z] [Info] [Thread 1] Started procedural world generation 4096x4096 using seed 74291 with 24000 trees on background threads.
[2026-04-10T01:39:58.8465732Z] [Info] [Thread 1] Generated procedural world map 4096x4096 using seed 74291.
[2026-04-10T01:40:02.1041507Z] [Info] [Thread 1] Fullscreen toggled. Enabled: True.
[2026-04-10T01:40:22.9716332Z] [Info] [Thread 1] Fullscreen toggled. Enabled: False.
[2026-04-10T01:40:26.1447427Z] [Info] [Thread 1] Fullscreen toggled. Enabled: True.
[2026-04-10T01:40:28.6662982Z] [Info] [Thread 1] View mode toggled. Plan view enabled: False.
[2026-04-10T01:44:59.8712453Z] [Info] [Thread 1] Started procedural world generation 4096x4096 using seed 94970120 with 24000 trees on background threads.
[2026-04-10T01:45:01.8852254Z] [Info] [Thread 1] Generated procedural world map 4096x4096 using seed 94970120.
[2026-04-10T01:45:04.1451556Z] [Info] [Thread 1] Started procedural world generation 4096x4096 using seed 1858170606 with 24000 trees on background threads.
[2026-04-10T01:45:05.7973449Z] [Info] [Thread 1] Generated procedural world map 4096x4096 using seed 1858170606.
[2026-04-10T01:45:09.6656107Z] [Info] [Thread 1] Started procedural world generation 4096x4096 using seed 1625872902 with 24000 trees on background threads.
[2026-04-10T01:45:11.3810445Z] [Info] [Thread 1] Generated procedural world map 4096x4096 using seed 1625872902.
[2026-04-10T01:45:36.1927541Z] [Info] [Thread 1] Started procedural world generation 4096x4096 using seed 1096297505 with 24000 trees on background threads.
[2026-04-10T01:45:38.1310264Z] [Info] [Thread 1] Generated procedural world map 4096x4096 using seed 1096297505.
[2026-04-10T01:45:51.7449269Z] [Info] [Thread 1] Exit requested by player input.
[2026-04-10T01:45:51.7453071Z] [Debug] [Thread 1] Unloading game content.
[2026-04-10T01:45:51.7456622Z] [Info] [Thread 1] Game runtime stopped normally.
[2026-04-10T01:45:52.7349787Z] [Info] [Thread 1] Shutting down debug logging.
