[2026-04-25T09:37:22.1925460Z] [Info] [Thread 1] Debug logging initialized. Writing to 'D:\NewProjects\Games\PETAR-PlanetExplorer\PETAR-PlanetExplorer\bin\Debug\net8.0\logs\PETAR-PlanetExplorer-20260425-093722.log'.
[2026-04-25T09:37:22.1940648Z] [Info] [Thread 1] Starting game runtime.
[2026-04-25T09:37:22.7173682Z] [Debug] [Thread 1] PETARPlanetExplorer instance created.
[2026-04-25T09:37:23.3168900Z] [Debug] [Thread 1] Initializing game systems.
[2026-04-25T09:37:23.4187999Z] [Debug] [Thread 1] Game content loaded.
[2026-04-25T09:37:23.4188772Z] [Info] [Thread 1] Loaded font resource 'Fonts/SpaceFont'.
[2026-04-25T09:37:23.4205709Z] [Info] [Thread 1] Started procedural world generation 4096x4096 using seed 74291 and theme Earth with 24000 trees on background threads.
[2026-04-25T09:37:25.8257053Z] [Info] [Thread 1] Generated procedural world map 4096x4096 using seed 74291.
[2026-04-25T09:37:35.4481897Z] [Info] [Thread 1] Fullscreen toggled. Enabled: True.
[2026-04-25T09:37:41.9649164Z] [Info] [Thread 1] Planet theme changed to Mercury.
[2026-04-25T09:37:44.2168738Z] [Info] [Thread 1] Started procedural world generation 4096x4096 using seed 1987047064 and theme Mercury with 24000 trees on background threads.
[2026-04-25T09:37:45.8789126Z] [Info] [Thread 1] Generated procedural world map 4096x4096 using seed 1987047064.
[2026-04-25T09:37:48.5484620Z] [Info] [Thread 1] Planet theme changed to Venus.
[2026-04-25T09:37:50.6488800Z] [Info] [Thread 1] Started procedural world generation 4096x4096 using seed 1441088385 and theme Venus with 24000 trees on background threads.
[2026-04-25T09:37:52.4669728Z] [Info] [Thread 1] Generated procedural world map 4096x4096 using seed 1441088385.
[2026-04-25T09:38:02.8161561Z] [Info] [Thread 1] View mode toggled. Plan view enabled: False.
[2026-04-25T09:38:17.1839569Z] [Info] [Thread 1] Started procedural world generation 4096x4096 using seed 1489197343 and theme Venus with 24000 trees on background threads.
[2026-04-25T09:38:19.1875636Z] [Info] [Thread 1] Generated procedural world map 4096x4096 using seed 1489197343.
[2026-04-25T09:38:23.5331233Z] [Info] [Thread 1] Started procedural world generation 4096x4096 using seed 1770966176 and theme Venus with 24000 trees on background threads.
[2026-04-25T09:38:25.2026696Z] [Info] [Thread 1] Generated procedural world map 4096x4096 using seed 1770966176.
[2026-04-25T09:38:28.0332631Z] [Info] [Thread 1] Started procedural world generation 4096x4096 using seed 1943388380 and theme Venus with 24000 trees on background threads.
[2026-04-25T09:38:29.7497236Z] [Info] [Thread 1] Generated procedural world map 4096x4096 using seed 1943388380.
[2026-04-25T09:38:33.0501220Z] [Info] [Thread 1] Started procedural world generation 4096x4096 using seed 1764200242 and theme Venus with 24000 trees on background threads.
[2026-04-25T09:38:34.6972042Z] [Info] [Thread 1] Generated procedural world map 4096x4096 using seed 1764200242.
[2026-04-25T09:38:35.9002132Z] [Info] [Thread 1] Started procedural world generation 4096x4096 using seed 1257145415 and theme Venus with 24000 trees on background threads.
[2026-04-25T09:38:37.6516053Z] [Info] [Thread 1] Generated procedural world map 4096x4096 using seed 1257145415.
[2026-04-25T09:38:38.4929878Z] [Info] [Thread 1] Planet theme changed to Mars.
[2026-04-25T09:38:40.2336862Z] [Info] [Thread 1] Started procedural world generation 4096x4096 using seed 89945426 and theme Mars with 24000 trees on background threads.
[2026-04-25T09:38:42.0243116Z] [Info] [Thread 1] Generated procedural world map 4096x4096 using seed 89945426.
[2026-04-25T09:38:43.6005531Z] [Info] [Thread 1] Started procedural world generation 4096x4096 using seed 1553888942 and theme Mars with 24000 trees on background threads.
[2026-04-25T09:38:45.6677656Z] [Info] [Thread 1] Generated procedural world map 4096x4096 using seed 1553888942.
[2026-04-25T09:38:47.1339438Z] [Info] [Thread 1] Started procedural world generation 4096x4096 using seed 2086938403 and theme Mars with 24000 trees on background threads.
[2026-04-25T09:38:48.9956936Z] [Info] [Thread 1] Generated procedural world map 4096x4096 using seed 2086938403.
[2026-04-25T09:38:50.3007068Z] [Info] [Thread 1] Started procedural world generation 4096x4096 using seed 1333606685 and theme Mars with 24000 trees on background threads.
[2026-04-25T09:38:52.0316197Z] [Info] [Thread 1] Generated procedural world map 4096x4096 using seed 1333606685.
[2026-04-25T09:38:53.1508194Z] [Info] [Thread 1] Started procedural world generation 4096x4096 using seed 2049087722 and theme Mars with 24000 trees on background threads.
[2026-04-25T09:38:54.7931839Z] [Info] [Thread 1] Generated procedural world map 4096x4096 using seed 2049087722.
[2026-04-25T09:38:55.5508436Z] [Info] [Thread 1] Planet theme changed to Moon.
[2026-04-25T09:38:56.7509607Z] [Info] [Thread 1] Started procedural world generation 4096x4096 using seed 820641927 and theme Moon with 24000 trees on background threads.
[2026-04-25T09:38:58.4884384Z] [Info] [Thread 1] Generated procedural world map 4096x4096 using seed 820641927.
[2026-04-25T09:38:59.8010652Z] [Info] [Thread 1] Started procedural world generation 4096x4096 using seed 1175279194 and theme Moon with 24000 trees on background threads.
[2026-04-25T09:39:01.5568148Z] [Info] [Thread 1] Generated procedural world map 4096x4096 using seed 1175279194.
[2026-04-25T09:39:02.5177475Z] [Info] [Thread 1] Planet theme changed to Earth.
[2026-04-25T09:39:10.4847047Z] [Info] [Thread 1] Planet theme changed to Mercury.
[2026-04-25T09:39:11.4181471Z] [Info] [Thread 1] Started procedural world generation 4096x4096 using seed 1424944091 and theme Mercury with 24000 trees on background threads.
[2026-04-25T09:39:13.1586625Z] [Info] [Thread 1] Generated procedural world map 4096x4096 using seed 1424944091.
[2026-04-25T09:39:15.0015304Z] [Info] [Thread 1] Planet theme changed to Venus.
[2026-04-25T09:39:15.6850064Z] [Info] [Thread 1] Started procedural world generation 4096x4096 using seed 1838817823 and theme Venus with 24000 trees on background threads.
[2026-04-25T09:39:17.3934556Z] [Info] [Thread 1] Generated procedural world map 4096x4096 using seed 1838817823.
[2026-04-25T09:39:18.7183999Z] [Info] [Thread 1] Started procedural world generation 4096x4096 using seed 57116460 and theme Venus with 24000 trees on background threads.
[2026-04-25T09:39:20.4377078Z] [Info] [Thread 1] Generated procedural world map 4096x4096 using seed 57116460.
[2026-04-25T09:39:21.4517618Z] [Info] [Thread 1] Planet theme changed to Mars.
[2026-04-25T09:39:22.1518566Z] [Info] [Thread 1] Started procedural world generation 4096x4096 using seed 1445454318 and theme Mars with 24000 trees on background threads.
[2026-04-25T09:39:23.8901280Z] [Info] [Thread 1] Generated procedural world map 4096x4096 using seed 1445454318.
[2026-04-25T09:39:25.3352808Z] [Info] [Thread 1] Started procedural world generation 4096x4096 using seed 1031383042 and theme Mars with 24000 trees on background threads.
[2026-04-25T09:39:27.1283674Z] [Info] [Thread 1] Generated procedural world map 4096x4096 using seed 1031383042.
[2026-04-25T09:39:28.3186850Z] [Info] [Thread 1] Planet theme changed to Moon.
[2026-04-25T09:39:28.8021498Z] [Info] [Thread 1] Started procedural world generation 4096x4096 using seed 297410919 and theme Moon with 24000 trees on background threads.
[2026-04-25T09:39:30.6412975Z] [Info] [Thread 1] Generated procedural world map 4096x4096 using seed 297410919.
[2026-04-25T09:39:31.8687881Z] [Info] [Thread 1] Planet theme changed to Earth.
[2026-04-25T09:39:33.5021795Z] [Info] [Thread 1] Planet theme changed to Mercury.
[2026-04-25T09:39:34.1523596Z] [Info] [Thread 1] Started procedural world generation 4096x4096 using seed 1726473219 and theme Mercury with 24000 trees on background threads.
[2026-04-25T09:39:35.8281101Z] [Info] [Thread 1] Generated procedural world map 4096x4096 using seed 1726473219.
[2026-04-25T09:39:37.2356682Z] [Info] [Thread 1] Planet theme changed to Venus.
[2026-04-25T09:39:39.8690822Z] [Info] [Thread 1] Planet theme changed to Mars.
[2026-04-25T09:39:43.4692517Z] [Info] [Thread 1] Started procedural world generation 4096x4096 using seed 1254036598 and theme Mars with 24000 trees on background threads.
[2026-04-25T09:39:45.1825166Z] [Info] [Thread 1] Generated procedural world map 4096x4096 using seed 1254036598.
[2026-04-25T09:39:46.7026454Z] [Info] [Thread 1] Planet theme changed to Moon.
[2026-04-25T09:39:47.3860593Z] [Info] [Thread 1] Started procedural world generation 4096x4096 using seed 53592834 and theme Moon with 24000 trees on background threads.
[2026-04-25T09:39:49.0537349Z] [Info] [Thread 1] Generated procedural world map 4096x4096 using seed 53592834.
[2026-04-25T09:39:52.7861965Z] [Info] [Thread 1] Planet theme changed to Earth.
[2026-04-25T09:39:54.8029327Z] [Info] [Thread 1] Planet theme changed to Mercury.
[2026-04-25T09:39:55.5529569Z] [Info] [Thread 1] Planet theme changed to Venus.
[2026-04-25T09:39:56.3196515Z] [Info] [Thread 1] Planet theme changed to Mars.
[2026-04-25T09:40:00.2198051Z] [Info] [Thread 1] Planet theme changed to Moon.
[2026-04-25T09:40:07.4868140Z] [Info] [Thread 1] Started procedural world generation 4096x4096 using seed 1672166368 and theme Moon with 24000 trees on background threads.
[2026-04-25T09:40:09.1321756Z] [Info] [Thread 1] Generated procedural world map 4096x4096 using seed 1672166368.
[2026-04-25T09:40:12.0369478Z] [Info] [Thread 1] Started procedural world generation 4096x4096 using seed 270725265 and theme Moon with 24000 trees on background threads.
[2026-04-25T09:40:13.7694259Z] [Info] [Thread 1] Generated procedural world map 4096x4096 using seed 270725265.
[2026-04-25T09:40:16.2870307Z] [Info] [Thread 1] Planet theme changed to Earth.
[2026-04-25T09:40:16.9705100Z] [Info] [Thread 1] Started procedural world generation 4096x4096 using seed 2063773134 and theme Earth with 24000 trees on background threads.
[2026-04-25T09:40:18.8458846Z] [Info] [Thread 1] Generated procedural world map 4096x4096 using seed 2063773134.
[2026-04-25T09:40:47.2714576Z] [Info] [Thread 1] Planet theme changed to Mercury.
[2026-04-25T09:40:48.7179826Z] [Info] [Thread 1] Fullscreen toggled. Enabled: False.
[2026-04-25T09:40:52.8370108Z] [Info] [Thread 1] Started procedural world generation 4096x4096 using seed 661291632 and theme Mercury with 24000 trees on background threads.
[2026-04-25T09:40:54.8294950Z] [Info] [Thread 1] Generated procedural world map 4096x4096 using seed 661291632.
[2026-04-25T09:40:59.0403014Z] [Info] [Thread 1] Planet theme changed to Venus.
[2026-04-25T09:40:59.6404021Z] [Info] [Thread 1] Started procedural world generation 4096x4096 using seed 1538304234 and theme Venus with 24000 trees on background threads.
[2026-04-25T09:41:01.6823827Z] [Info] [Thread 1] Generated procedural world map 4096x4096 using seed 1538304234.
[2026-04-25T09:41:05.0905147Z] [Info] [Thread 1] Planet theme changed to Mars.
[2026-04-25T09:41:05.5572515Z] [Info] [Thread 1] Started procedural world generation 4096x4096 using seed 886198986 and theme Mars with 24000 trees on background threads.
[2026-04-25T09:41:07.5531709Z] [Info] [Thread 1] Generated procedural world map 4096x4096 using seed 886198986.
[2026-04-25T09:41:10.0740247Z] [Info] [Thread 1] Planet theme changed to Moon.
[2026-04-25T09:41:10.7575850Z] [Info] [Thread 1] Started procedural world generation 4096x4096 using seed 729505568 and theme Moon with 24000 trees on background threads.
[2026-04-25T09:41:12.5481441Z] [Info] [Thread 1] Generated procedural world map 4096x4096 using seed 729505568.
[2026-04-25T09:41:15.3961844Z] [Info] [Thread 1] Planet theme changed to Earth.
[2026-04-25T09:41:16.1743005Z] [Info] [Thread 1] Started procedural world generation 4096x4096 using seed 261989392 and theme Earth with 24000 trees on background threads.
[2026-04-25T09:41:18.2526507Z] [Info] [Thread 1] Generated procedural world map 4096x4096 using seed 261989392.
[2026-04-25T09:41:22.9418599Z] [Info] [Thread 1] Exit requested by player input.
[2026-04-25T09:41:22.9423329Z] [Debug] [Thread 1] Unloading game content.
[2026-04-25T09:41:22.9427581Z] [Info] [Thread 1] Game runtime stopped normally.
[2026-04-25T09:41:23.0805038Z] [Info] [Thread 1] Shutting down debug logging.
