[2026-04-25T12:53:03.1047441Z] [Info] [Thread 1] Debug logging initialized. Writing to 'D:\NewProjects\Games\PETAR-PlanetExplorer\PETAR-PlanetExplorer\bin\Debug\net8.0\logs\PETAR-PlanetExplorer-20260425-125303.log'.
[2026-04-25T12:53:03.1059922Z] [Info] [Thread 1] Starting game runtime.
[2026-04-25T12:53:03.4975570Z] [Debug] [Thread 1] PETARPlanetExplorer instance created.
[2026-04-25T12:53:03.8554111Z] [Debug] [Thread 1] Initializing game systems.
[2026-04-25T12:53:03.9500709Z] [Debug] [Thread 1] Game content loaded.
[2026-04-25T12:53:03.9501190Z] [Info] [Thread 1] Loaded font resource 'Fonts/SpaceFont'.
[2026-04-25T12:53:03.9774591Z] [Info] [Thread 1] Started procedural world generation 4096x4096 using seed 74291, theme Earth, mountains 0.55, volcanoes 0.20, craters 0.35, gorges 0.25.
[2026-04-25T12:53:06.5928705Z] [Info] [Thread 1] Fullscreen toggled. Enabled: True.
[2026-04-25T12:53:07.6111372Z] [Info] [Thread 1] Generated procedural world map 4096x4096 using seed 74291.
[2026-04-25T12:53:09.4568209Z] [Info] [Thread 1] View mode toggled. Plan view enabled: False.
[2026-04-25T12:53:46.9565597Z] [Info] [Thread 1] Custom generation settings updated. Theme: Draxis, mountains: 0.55, volcanoes: 0.20, craters: 0.35, gorges: 0.25.
[2026-04-25T12:53:46.9589469Z] [Info] [Thread 1] Started procedural world generation 4096x4096 using seed 74291, theme Draxis, mountains 0.55, volcanoes 0.20, craters 0.35, gorges 0.25.
[2026-04-25T12:53:50.3667718Z] [Info] [Thread 1] Generated procedural world map 4096x4096 using seed 74291.
[2026-04-25T12:54:13.6565488Z] [Info] [Thread 1] Custom generation settings updated. Theme: Eryndor, mountains: 0.55, volcanoes: 0.20, craters: 0.35, gorges: 0.25.
[2026-04-25T12:54:13.6571810Z] [Info] [Thread 1] Started procedural world generation 4096x4096 using seed 74291, theme Eryndor, mountains 0.55, volcanoes 0.20, craters 0.35, gorges 0.25.
[2026-04-25T12:54:16.9506367Z] [Info] [Thread 1] Generated procedural world map 4096x4096 using seed 74291.
[2026-04-25T12:54:41.0899204Z] [Info] [Thread 1] Custom generation settings updated. Theme: Eryndor, mountains: 0.98, volcanoes: 0.20, craters: 0.35, gorges: 0.25.
[2026-04-25T12:54:41.0904789Z] [Info] [Thread 1] Started procedural world generation 4096x4096 using seed 74291, theme Eryndor, mountains 0.98, volcanoes 0.20, craters 0.35, gorges 0.25.
[2026-04-25T12:54:44.3935205Z] [Info] [Thread 1] Generated procedural world map 4096x4096 using seed 74291.
[2026-04-25T12:54:50.5054252Z] [Info] [Thread 1] Exit requested by player input.
[2026-04-25T12:54:50.5058626Z] [Debug] [Thread 1] Unloading game content.
[2026-04-25T12:54:50.5062337Z] [Info] [Thread 1] Game runtime stopped normally.
[2026-04-25T12:54:51.2802761Z] [Info] [Thread 1] Shutting down debug logging.
