[2026-04-04T22:35:08.3595152Z] [Info] [Thread 1] Debug logging initialized. Writing to 'D:\NewProjects\Games\PETAR-PlanetExplorer\PETAR-PlanetExplorer\bin\Debug\net8.0\logs\PETAR-PlanetExplorer-20260404-223508.log'.
[2026-04-04T22:35:08.3609149Z] [Info] [Thread 1] Starting game runtime.
[2026-04-04T22:35:08.7035586Z] [Debug] [Thread 1] PETARPlanetExplorer instance created.
[2026-04-04T22:35:09.0934882Z] [Debug] [Thread 1] Initializing game systems.
[2026-04-04T22:35:09.1855251Z] [Debug] [Thread 1] Game content loaded.
[2026-04-04T22:35:09.1856227Z] [Info] [Thread 1] Loaded font resource 'Fonts/SpaceFont'.
[2026-04-04T22:35:09.1866619Z] [Info] [Thread 1] Started procedural world generation 4096x4096 on background threads.
[2026-04-04T22:35:11.1766652Z] [Info] [Thread 1] Generated procedural world map 4096x4096 using seed 74291.
[2026-04-04T22:35:15.6555674Z] [Info] [Thread 1] View mode toggled. Plan view enabled: False.
[2026-04-04T22:35:28.6152869Z] [Info] [Thread 1] Fullscreen toggled. Enabled: True.
[2026-04-04T22:36:51.8249572Z] [Info] [Thread 1] Exit requested by player input.
[2026-04-04T22:36:51.8254393Z] [Debug] [Thread 1] Unloading game content.
[2026-04-04T22:36:51.8255735Z] [Info] [Thread 1] Final horizon renderer stats:
Renderer 35.66 ms
Build 31.40 // Shadow 0.00 (0)
Wave 5.26 (67068) // Terrain 1.78
Water 2.48 // Chunks 207
Draws 392 // Tris 350392
[2026-04-04T22:36:51.8275247Z] [Info] [Thread 1] Game runtime stopped normally.
[2026-04-04T22:36:52.8928365Z] [Info] [Thread 1] Shutting down debug logging.
