[2026-04-04T22:50:22.6045435Z] [Info] [Thread 1] Debug logging initialized. Writing to 'D:\NewProjects\Games\PETAR-PlanetExplorer\PETAR-PlanetExplorer\bin\Debug\net8.0\logs\PETAR-PlanetExplorer-20260404-225022.log'.
[2026-04-04T22:50:22.6062938Z] [Info] [Thread 1] Starting game runtime.
[2026-04-04T22:50:23.0072145Z] [Debug] [Thread 1] PETARPlanetExplorer instance created.
[2026-04-04T22:50:23.4437500Z] [Debug] [Thread 1] Initializing game systems.
[2026-04-04T22:50:23.5381623Z] [Debug] [Thread 1] Game content loaded.
[2026-04-04T22:50:23.5382321Z] [Info] [Thread 1] Loaded font resource 'Fonts/SpaceFont'.
[2026-04-04T22:50:23.5395570Z] [Info] [Thread 1] Started procedural world generation 4096x4096 using seed 74291 on background threads.
[2026-04-04T22:50:25.6490497Z] [Info] [Thread 1] Generated procedural world map 4096x4096 using seed 74291.
[2026-04-04T22:50:30.5219308Z] [Info] [Thread 1] Started procedural world generation 4096x4096 using seed 311994449 on background threads.
[2026-04-04T22:50:32.1060756Z] [Info] [Thread 1] Generated procedural world map 4096x4096 using seed 311994449.
[2026-04-04T22:50:35.6874378Z] [Info] [Thread 1] Terrain follow mode enabled: True.
[2026-04-04T22:50:39.3873696Z] [Info] [Thread 1] View mode toggled. Plan view enabled: False.
[2026-04-04T22:50:52.0451954Z] [Info] [Thread 1] Terrain follow mode enabled: False.
[2026-04-04T22:51:42.6993757Z] [Info] [Thread 1] Terrain follow mode enabled: True.
[2026-04-04T22:51:52.9571367Z] [Info] [Thread 1] Terrain follow mode enabled: False.
[2026-04-04T22:51:53.6405302Z] [Info] [Thread 1] Terrain follow mode enabled: True.
[2026-04-04T22:51:55.5821410Z] [Info] [Thread 1] Terrain follow mode enabled: False.
[2026-04-04T22:51:55.8072597Z] [Info] [Thread 1] Terrain follow mode enabled: True.
[2026-04-04T22:51:57.6327999Z] [Info] [Thread 1] Terrain follow mode enabled: False.
[2026-04-04T22:51:57.9073473Z] [Info] [Thread 1] Terrain follow mode enabled: True.
[2026-04-04T22:52:01.8928162Z] [Info] [Thread 1] Terrain follow mode enabled: False.
[2026-04-04T22:52:02.5923698Z] [Info] [Thread 1] Terrain follow mode enabled: True.
[2026-04-04T22:52:06.9373899Z] [Info] [Thread 1] Terrain follow mode enabled: False.
[2026-04-04T22:52:21.5058190Z] [Info] [Thread 1] View mode toggled. Plan view enabled: True.
[2026-04-04T22:52:23.3250820Z] [Info] [Thread 1] View mode toggled. Plan view enabled: False.
[2026-04-04T22:52:25.6299269Z] [Info] [Thread 1] Fullscreen toggled. Enabled: True.
[2026-04-04T22:53:55.0407760Z] [Info] [Thread 1] Terrain follow mode enabled: True.
[2026-04-04T22:54:00.7562576Z] [Info] [Thread 1] Exit requested by player input.
[2026-04-04T22:54:00.7565920Z] [Debug] [Thread 1] Unloading game content.
[2026-04-04T22:54:00.7572530Z] [Info] [Thread 1] Game runtime stopped normally.
[2026-04-04T22:54:01.8427682Z] [Info] [Thread 1] Shutting down debug logging.
