[2026-04-25T10:04:30.3513015Z] [Info] [Thread 1] Debug logging initialized. Writing to 'D:\NewProjects\Games\PETAR-PlanetExplorer\PETAR-PlanetExplorer\bin\Debug\net8.0\logs\PETAR-PlanetExplorer-20260425-100430.log'.
[2026-04-25T10:04:30.3528433Z] [Info] [Thread 1] Starting game runtime.
[2026-04-25T10:04:30.8098816Z] [Debug] [Thread 1] PETARPlanetExplorer instance created.
[2026-04-25T10:04:31.1536672Z] [Debug] [Thread 1] Initializing game systems.
[2026-04-25T10:04:31.2543620Z] [Debug] [Thread 1] Game content loaded.
[2026-04-25T10:04:31.2544132Z] [Info] [Thread 1] Loaded font resource 'Fonts/SpaceFont'.
[2026-04-25T10:04:31.2591605Z] [Info] [Thread 1] Started procedural world generation 4096x4096 using seed 74291, theme Earth, mountains 0.55, volcanoes 0.20, craters 0.35, gorges 0.25.
[2026-04-25T10:04:34.6397740Z] [Info] [Thread 1] Generated procedural world map 4096x4096 using seed 74291.
[2026-04-25T10:04:40.1170344Z] [Info] [Thread 1] View mode toggled. Plan view enabled: False.
[2026-04-25T10:05:04.2835274Z] [Info] [Thread 1] Custom generation settings updated. Theme: Earth, mountains: 0.50, volcanoes: 0.20, craters: 0.35, gorges: 0.25.
[2026-04-25T10:05:04.2858255Z] [Info] [Thread 1] Started procedural world generation 4096x4096 using seed 74291, theme Earth, mountains 0.50, volcanoes 0.20, craters 0.35, gorges 0.25.
[2026-04-25T10:05:07.6512898Z] [Info] [Thread 1] Generated procedural world map 4096x4096 using seed 74291.
[2026-04-25T10:05:19.6337466Z] [Info] [Thread 1] Custom generation settings updated. Theme: Earth, mountains: 0.50, volcanoes: 0.20, craters: 0.35, gorges: 0.25.
[2026-04-25T10:05:19.6342078Z] [Info] [Thread 1] Started procedural world generation 4096x4096 using seed 74291, theme Earth, mountains 0.50, volcanoes 0.20, craters 0.35, gorges 0.25.
[2026-04-25T10:05:22.6372900Z] [Info] [Thread 1] Generated procedural world map 4096x4096 using seed 74291.
[2026-04-25T10:05:42.9033313Z] [Info] [Thread 1] Custom generation settings updated. Theme: Earth, mountains: 0.50, volcanoes: 0.20, craters: 0.80, gorges: 0.25.
[2026-04-25T10:05:42.9039140Z] [Info] [Thread 1] Started procedural world generation 4096x4096 using seed 74291, theme Earth, mountains 0.50, volcanoes 0.20, craters 0.80, gorges 0.25.
[2026-04-25T10:05:46.2881436Z] [Info] [Thread 1] Generated procedural world map 4096x4096 using seed 74291.
[2026-04-25T10:06:41.3043410Z] [Info] [Thread 1] Custom generation settings updated. Theme: Earth, mountains: 0.80, volcanoes: 0.85, craters: 0.80, gorges: 0.75.
[2026-04-25T10:06:41.3049026Z] [Info] [Thread 1] Started procedural world generation 4096x4096 using seed 74291, theme Earth, mountains 0.80, volcanoes 0.85, craters 0.80, gorges 0.75.
[2026-04-25T10:06:44.8433119Z] [Info] [Thread 1] Generated procedural world map 4096x4096 using seed 74291.
[2026-04-25T10:07:25.6198606Z] [Info] [Thread 1] Started procedural world generation 4096x4096 using seed 1427565441, theme Earth, mountains 0.80, volcanoes 0.85, craters 0.80, gorges 0.75.
[2026-04-25T10:07:28.9679923Z] [Info] [Thread 1] Generated procedural world map 4096x4096 using seed 1427565441.
[2026-04-25T10:07:30.6029318Z] [Info] [Thread 1] Started procedural world generation 4096x4096 using seed 1122470438, theme Earth, mountains 0.80, volcanoes 0.85, craters 0.80, gorges 0.75.
[2026-04-25T10:07:34.0038809Z] [Info] [Thread 1] Generated procedural world map 4096x4096 using seed 1122470438.
[2026-04-25T10:07:48.1699086Z] [Info] [Thread 1] Custom generation settings updated. Theme: Venus, mountains: 0.80, volcanoes: 0.85, craters: 0.80, gorges: 0.75.
[2026-04-25T10:07:48.1700162Z] [Info] [Thread 1] Started procedural world generation 4096x4096 using seed 1122470438, theme Venus, mountains 0.80, volcanoes 0.85, craters 0.80, gorges 0.75.
[2026-04-25T10:07:51.4230409Z] [Info] [Thread 1] Generated procedural world map 4096x4096 using seed 1122470438.
[2026-04-25T10:08:40.7876670Z] [Info] [Thread 1] Custom generation settings updated. Theme: Moon, mountains: 0.80, volcanoes: 0.85, craters: 0.80, gorges: 0.75.
[2026-04-25T10:08:40.7894249Z] [Info] [Thread 1] Started procedural world generation 4096x4096 using seed 1122470438, theme Moon, mountains 0.80, volcanoes 0.85, craters 0.80, gorges 0.75.
[2026-04-25T10:08:44.1476714Z] [Info] [Thread 1] Generated procedural world map 4096x4096 using seed 1122470438.
