[2026-04-25T11:21:54.9269105Z] [Info] [Thread 1] Debug logging initialized. Writing to 'D:\NewProjects\Games\PETAR-PlanetExplorer\PETAR-PlanetExplorer\bin\Debug\net8.0\logs\PETAR-PlanetExplorer-20260425-112154.log'.
[2026-04-25T11:21:54.9284301Z] [Info] [Thread 1] Starting game runtime.
[2026-04-25T11:21:55.3583038Z] [Debug] [Thread 1] PETARPlanetExplorer instance created.
[2026-04-25T11:21:55.7114249Z] [Debug] [Thread 1] Initializing game systems.
[2026-04-25T11:21:55.8030628Z] [Debug] [Thread 1] Game content loaded.
[2026-04-25T11:21:55.8031117Z] [Info] [Thread 1] Loaded font resource 'Fonts/SpaceFont'.
[2026-04-25T11:21:55.8074818Z] [Info] [Thread 1] Started procedural world generation 4096x4096 using seed 74291, theme Earth, mountains 0.55, volcanoes 0.20, craters 0.35, gorges 0.25.
[2026-04-25T11:21:58.9505159Z] [Info] [Thread 1] Generated procedural world map 4096x4096 using seed 74291.
[2026-04-25T11:22:00.9253333Z] [Info] [Thread 1] Fullscreen toggled. Enabled: True.
[2026-04-25T11:22:03.0736028Z] [Info] [Thread 1] View mode toggled. Plan view enabled: False.
[2026-04-25T11:22:45.0898905Z] [Info] [Thread 1] Custom generation settings updated. Theme: Earth, mountains: 0.00, volcanoes: 0.58, craters: 0.00, gorges: 0.05.
[2026-04-25T11:22:45.0924158Z] [Info] [Thread 1] Started procedural world generation 4096x4096 using seed 74291, theme Earth, mountains 0.00, volcanoes 0.58, craters 0.00, gorges 0.05.
[2026-04-25T11:22:48.1643032Z] [Info] [Thread 1] Generated procedural world map 4096x4096 using seed 74291.
[2026-04-25T11:23:50.3733254Z] [Info] [Thread 1] Custom generation settings updated. Theme: Moon, mountains: 0.00, volcanoes: 0.58, craters: 0.00, gorges: 0.05.
[2026-04-25T11:23:50.3740472Z] [Info] [Thread 1] Started procedural world generation 4096x4096 using seed 74291, theme Moon, mountains 0.00, volcanoes 0.58, craters 0.00, gorges 0.05.
[2026-04-25T11:23:53.3918186Z] [Info] [Thread 1] Generated procedural world map 4096x4096 using seed 74291.
[2026-04-25T11:24:17.0066249Z] [Info] [Thread 1] Exit requested by player input.
[2026-04-25T11:24:17.0070839Z] [Debug] [Thread 1] Unloading game content.
[2026-04-25T11:24:17.0075393Z] [Info] [Thread 1] Game runtime stopped normally.
[2026-04-25T11:24:17.7581536Z] [Info] [Thread 1] Shutting down debug logging.
