[2026-04-25T20:36:57.7029985Z] [Info] [Thread 1] Debug logging initialized. Writing to 'D:\NewProjects\Games\PETAR-PlanetExplorer\PETAR-PlanetExplorer\bin\Debug\net8.0\logs\PETAR-PlanetExplorer-20260425-203657.log'.
[2026-04-25T20:36:57.7045795Z] [Info] [Thread 1] Starting game runtime.
[2026-04-25T20:36:58.1791260Z] [Debug] [Thread 1] PETARPlanetExplorer instance created.
[2026-04-25T20:36:58.5354597Z] [Debug] [Thread 1] Initializing game systems.
[2026-04-25T20:36:58.6314130Z] [Debug] [Thread 1] Game content loaded.
[2026-04-25T20:36:58.6314655Z] [Info] [Thread 1] Loaded font resource 'Fonts/SpaceFont'.
[2026-04-25T20:36:58.6362943Z] [Info] [Thread 1] Started procedural world generation 4096x4096 using seed 74291, theme Earth, mountains 0.55, volcanoes 0.20, craters 0.35, gorges 0.25.
[2026-04-25T20:37:01.8195699Z] [Info] [Thread 1] Fullscreen toggled. Enabled: True.
[2026-04-25T20:37:02.8849287Z] [Info] [Thread 1] Generated procedural world map 4096x4096 using seed 74291.
[2026-04-25T20:37:04.4411402Z] [Info] [Thread 1] View mode toggled. Plan view enabled: False.
[2026-04-25T20:37:38.7074674Z] [Info] [Thread 1] Custom generation settings updated. Theme: Earth, mountains: 0.55, volcanoes: 0.20, craters: 0.35, gorges: 0.25.
[2026-04-25T20:37:38.7098675Z] [Info] [Thread 1] Started procedural world generation 4096x4096 using seed 74291, theme Earth, mountains 0.55, volcanoes 0.20, craters 0.35, gorges 0.25.
[2026-04-25T20:37:42.3686554Z] [Info] [Thread 1] Generated procedural world map 4096x4096 using seed 74291.
[2026-04-25T20:41:42.8586310Z] [Info] [Thread 1] View mode toggled. Plan view enabled: True.
[2026-04-25T20:41:44.2749059Z] [Info] [Thread 1] View mode toggled. Plan view enabled: False.
[2026-04-25T20:42:06.9745447Z] [Info] [Thread 1] Custom generation settings updated. Theme: Earth, mountains: 0.55, volcanoes: 0.20, craters: 0.35, gorges: 0.25.
[2026-04-25T20:42:06.9753591Z] [Info] [Thread 1] Started procedural world generation 4096x4096 using seed 74291, theme Earth, mountains 0.55, volcanoes 0.20, craters 0.35, gorges 0.25.
[2026-04-25T20:42:10.5923601Z] [Info] [Thread 1] Generated procedural world map 4096x4096 using seed 74291.
[2026-04-25T20:45:37.2249684Z] [Info] [Thread 1] Custom generation settings updated. Theme: Galvion, mountains: 0.55, volcanoes: 0.20, craters: 0.35, gorges: 0.25.
[2026-04-25T20:45:37.2253503Z] [Info] [Thread 1] Started procedural world generation 4096x4096 using seed 74291, theme Galvion, mountains 0.55, volcanoes 0.20, craters 0.35, gorges 0.25.
[2026-04-25T20:45:40.8270442Z] [Info] [Thread 1] Generated procedural world map 4096x4096 using seed 74291.
[2026-04-25T20:48:07.2252508Z] [Info] [Thread 1] Custom generation settings updated. Theme: Galvion, mountains: 0.55, volcanoes: 0.95, craters: 0.35, gorges: 0.25.
[2026-04-25T20:48:07.2257981Z] [Info] [Thread 1] Started procedural world generation 4096x4096 using seed 74291, theme Galvion, mountains 0.55, volcanoes 0.95, craters 0.35, gorges 0.25.
[2026-04-25T20:48:10.5623598Z] [Info] [Thread 1] Generated procedural world map 4096x4096 using seed 74291.
[2026-04-25T20:49:00.1086817Z] [Info] [Thread 1] Custom generation settings updated. Theme: Galvion, mountains: 0.55, volcanoes: 0.95, craters: 0.35, gorges: 0.25.
[2026-04-25T20:49:00.1091417Z] [Info] [Thread 1] Started procedural world generation 4096x4096 using seed 74291, theme Galvion, mountains 0.55, volcanoes 0.95, craters 0.35, gorges 0.25.
[2026-04-25T20:49:03.4589987Z] [Info] [Thread 1] Generated procedural world map 4096x4096 using seed 74291.
[2026-04-25T20:49:57.7754952Z] [Info] [Thread 1] Custom generation settings updated. Theme: Heliora, mountains: 0.55, volcanoes: 0.95, craters: 0.35, gorges: 0.25.
[2026-04-25T20:49:57.7759582Z] [Info] [Thread 1] Started procedural world generation 4096x4096 using seed 74291, theme Heliora, mountains 0.55, volcanoes 0.95, craters 0.35, gorges 0.25.
[2026-04-25T20:50:01.0979102Z] [Info] [Thread 1] Generated procedural world map 4096x4096 using seed 74291.
[2026-04-25T20:51:23.6061759Z] [Info] [Thread 1] Custom generation settings updated. Theme: Ilyth, mountains: 0.55, volcanoes: 0.95, craters: 0.35, gorges: 0.25.
[2026-04-25T20:51:23.6067568Z] [Info] [Thread 1] Started procedural world generation 4096x4096 using seed 74291, theme Ilyth, mountains 0.55, volcanoes 0.95, craters 0.35, gorges 0.25.
[2026-04-25T20:51:26.9337813Z] [Info] [Thread 1] Generated procedural world map 4096x4096 using seed 74291.
[2026-04-25T20:51:45.6256833Z] [Info] [Thread 1] Custom generation settings updated. Theme: Ilyth, mountains: 0.55, volcanoes: 0.95, craters: 0.35, gorges: 0.25.
[2026-04-25T20:51:45.6257911Z] [Info] [Thread 1] Started procedural world generation 4096x4096 using seed 74291, theme Ilyth, mountains 0.55, volcanoes 0.95, craters 0.35, gorges 0.25.
[2026-04-25T20:51:48.8947692Z] [Info] [Thread 1] Generated procedural world map 4096x4096 using seed 74291.
[2026-04-25T20:52:47.1763448Z] [Info] [Thread 1] View mode toggled. Plan view enabled: True.
[2026-04-25T20:53:06.5931027Z] [Info] [Thread 1] View mode toggled. Plan view enabled: False.
[2026-04-25T20:54:15.6260236Z] [Info] [Thread 1] Custom generation settings updated. Theme: Ilyth, mountains: 0.00, volcanoes: 0.00, craters: 0.00, gorges: 0.00.
[2026-04-25T20:54:15.6265506Z] [Info] [Thread 1] Started procedural world generation 4096x4096 using seed 74291, theme Ilyth, mountains 0.00, volcanoes 0.00, craters 0.00, gorges 0.00.
[2026-04-25T20:54:18.8774273Z] [Info] [Thread 1] Generated procedural world map 4096x4096 using seed 74291.
[2026-04-25T20:58:46.9116262Z] [Info] [Thread 1] Custom generation settings updated. Theme: Earth, mountains: 0.00, volcanoes: 0.00, craters: 0.00, gorges: 0.00.
[2026-04-25T20:58:46.9120774Z] [Info] [Thread 1] Started procedural world generation 4096x4096 using seed 74291, theme Earth, mountains 0.00, volcanoes 0.00, craters 0.00, gorges 0.00.
[2026-04-25T20:58:50.2275140Z] [Info] [Thread 1] Generated procedural world map 4096x4096 using seed 74291.
[2026-04-25T21:04:05.0943622Z] [Info] [Thread 1] View mode toggled. Plan view enabled: True.
[2026-04-25T21:04:14.0609825Z] [Info] [Thread 1] View mode toggled. Plan view enabled: False.
[2026-04-25T21:04:17.5610461Z] [Info] [Thread 1] View mode toggled. Plan view enabled: True.
[2026-04-25T21:04:21.6443881Z] [Info] [Thread 1] View mode toggled. Plan view enabled: False.
[2026-04-25T21:04:22.7943567Z] [Info] [Thread 1] View mode toggled. Plan view enabled: True.
[2026-04-25T21:04:24.6610295Z] [Info] [Thread 1] View mode toggled. Plan view enabled: False.
[2026-04-25T21:04:26.2443541Z] [Info] [Thread 1] View mode toggled. Plan view enabled: True.
[2026-04-25T21:04:29.6944105Z] [Info] [Thread 1] View mode toggled. Plan view enabled: False.
[2026-04-25T21:04:31.3777603Z] [Info] [Thread 1] View mode toggled. Plan view enabled: True.
[2026-04-25T21:05:08.4444338Z] [Info] [Thread 1] View mode toggled. Plan view enabled: False.
[2026-04-25T21:06:38.1608001Z] [Info] [Thread 1] Custom generation settings updated. Theme: Earth, mountains: 0.00, volcanoes: 0.00, craters: 0.00, gorges: 0.00.
[2026-04-25T21:06:38.1612974Z] [Info] [Thread 1] Started procedural world generation 4096x4096 using seed 74291, theme Earth, mountains 0.00, volcanoes 0.00, craters 0.00, gorges 0.00.
[2026-04-25T21:06:41.6949579Z] [Info] [Thread 1] Generated procedural world map 4096x4096 using seed 74291.
[2026-04-25T21:07:39.4775913Z] [Info] [Thread 1] Custom generation settings updated. Theme: Earth, mountains: 0.14, volcanoes: 0.15, craters: 0.13, gorges: 0.13.
[2026-04-25T21:07:39.4781763Z] [Info] [Thread 1] Started procedural world generation 4096x4096 using seed 74291, theme Earth, mountains 0.14, volcanoes 0.15, craters 0.13, gorges 0.13.
[2026-04-25T21:07:42.9010870Z] [Info] [Thread 1] Generated procedural world map 4096x4096 using seed 74291.
[2026-04-25T21:15:05.8784970Z] [Info] [Thread 1] Custom generation settings updated. Theme: Xantheos, mountains: 0.14, volcanoes: 0.15, craters: 0.13, gorges: 0.13.
[2026-04-25T21:15:05.8789080Z] [Info] [Thread 1] Started procedural world generation 4096x4096 using seed 74291, theme Xantheos, mountains 0.14, volcanoes 0.15, craters 0.13, gorges 0.13.
[2026-04-25T21:15:09.1961743Z] [Info] [Thread 1] Generated procedural world map 4096x4096 using seed 74291.
[2026-04-25T21:17:00.0787278Z] [Info] [Thread 1] Custom generation settings updated. Theme: Xantheos, mountains: 0.14, volcanoes: 0.15, craters: 0.13, gorges: 0.13.
[2026-04-25T21:17:00.0792675Z] [Info] [Thread 1] Started procedural world generation 4096x4096 using seed 74291, theme Xantheos, mountains 0.14, volcanoes 0.15, craters 0.13, gorges 0.13.
[2026-04-25T21:17:03.6463348Z] [Info] [Thread 1] Generated procedural world map 4096x4096 using seed 74291.
[2026-04-25T21:24:42.7465270Z] [Info] [Thread 1] Terrain follow mode enabled: True.
[2026-04-25T21:24:44.0963094Z] [Info] [Thread 1] Terrain follow mode enabled: False.
[2026-04-25T21:24:45.5636888Z] [Info] [Thread 1] Started procedural world generation 4096x4096 using seed 279113097, theme Xantheos, mountains 0.14, volcanoes 0.15, craters 0.13, gorges 0.13.
[2026-04-25T21:24:48.7694152Z] [Info] [Thread 1] Generated procedural world map 4096x4096 using seed 279113097.
[2026-04-25T21:24:54.3129901Z] [Info] [Thread 1] Terrain follow mode enabled: True.
[2026-04-25T21:24:55.2963177Z] [Info] [Thread 1] Terrain follow mode enabled: False.
[2026-04-25T21:24:55.7796629Z] [Info] [Thread 1] Terrain follow mode enabled: True.
[2026-04-25T21:24:57.2296500Z] [Info] [Thread 1] Terrain follow mode enabled: False.
[2026-04-25T21:24:57.7630203Z] [Info] [Thread 1] Terrain follow mode enabled: True.
[2026-04-25T21:24:58.3963253Z] [Info] [Thread 1] Terrain follow mode enabled: False.
[2026-04-25T21:24:58.9463374Z] [Info] [Thread 1] Terrain follow mode enabled: True.
[2026-04-25T21:25:42.8136323Z] [Info] [Thread 1] View mode toggled. Plan view enabled: True.
[2026-04-25T21:25:44.8968738Z] [Info] [Thread 1] View mode toggled. Plan view enabled: False.
[2026-04-25T21:26:16.7798064Z] [Info] [Thread 1] Exit requested by player input.
[2026-04-25T21:26:16.7802713Z] [Debug] [Thread 1] Unloading game content.
[2026-04-25T21:26:16.7807675Z] [Info] [Thread 1] Game runtime stopped normally.
[2026-04-25T21:26:17.6252298Z] [Info] [Thread 1] Shutting down debug logging.
