[2026-04-25T12:43:51.1962602Z] [Info] [Thread 1] Debug logging initialized. Writing to 'D:\NewProjects\Games\PETAR-PlanetExplorer\PETAR-PlanetExplorer\bin\Debug\net8.0\logs\PETAR-PlanetExplorer-20260425-124351.log'.
[2026-04-25T12:43:51.1976420Z] [Info] [Thread 1] Starting game runtime.
[2026-04-25T12:43:51.6205533Z] [Debug] [Thread 1] PETARPlanetExplorer instance created.
[2026-04-25T12:43:52.0296950Z] [Debug] [Thread 1] Initializing game systems.
[2026-04-25T12:43:52.1379164Z] [Debug] [Thread 1] Game content loaded.
[2026-04-25T12:43:52.1379790Z] [Info] [Thread 1] Loaded font resource 'Fonts/SpaceFont'.
[2026-04-25T12:43:52.1657734Z] [Info] [Thread 1] Started procedural world generation 4096x4096 using seed 74291, theme Earth, mountains 0.55, volcanoes 0.20, craters 0.35, gorges 0.25.
[2026-04-25T12:43:55.7214475Z] [Info] [Thread 1] Generated procedural world map 4096x4096 using seed 74291.
[2026-04-25T12:43:56.7351424Z] [Info] [Thread 1] View mode toggled. Plan view enabled: False.
[2026-04-25T12:44:34.4666887Z] [Info] [Thread 1] Fullscreen toggled. Enabled: True.
[2026-04-25T12:45:32.2919970Z] [Info] [Thread 1] Custom generation settings updated. Theme: Mars, mountains: 0.58, volcanoes: 0.44, craters: 0.35, gorges: 0.25.
[2026-04-25T12:45:32.2944106Z] [Info] [Thread 1] Started procedural world generation 4096x4096 using seed 74291, theme Mars, mountains 0.58, volcanoes 0.44, craters 0.35, gorges 0.25.
[2026-04-25T12:45:35.5613440Z] [Info] [Thread 1] Generated procedural world map 4096x4096 using seed 74291.
[2026-04-25T12:47:23.1921238Z] [Info] [Thread 1] Custom generation settings updated. Theme: Mars, mountains: 0.58, volcanoes: 0.44, craters: 0.35, gorges: 0.25.
[2026-04-25T12:47:23.1928606Z] [Info] [Thread 1] Started procedural world generation 4096x4096 using seed 74291, theme Mars, mountains 0.58, volcanoes 0.44, craters 0.35, gorges 0.25.
[2026-04-25T12:47:26.5272565Z] [Info] [Thread 1] Generated procedural world map 4096x4096 using seed 74291.
[2026-04-25T12:48:48.3760076Z] [Info] [Thread 1] Exit requested by player input.
[2026-04-25T12:48:48.3765577Z] [Debug] [Thread 1] Unloading game content.
[2026-04-25T12:48:48.3769313Z] [Info] [Thread 1] Game runtime stopped normally.
[2026-04-25T12:48:49.2013691Z] [Info] [Thread 1] Shutting down debug logging.
