[2026-04-25T20:26:02.3617140Z] [Info] [Thread 1] Debug logging initialized. Writing to 'D:\NewProjects\Games\PETAR-PlanetExplorer\PETAR-PlanetExplorer\bin\Debug\net8.0\logs\PETAR-PlanetExplorer-20260425-202602.log'.
[2026-04-25T20:26:02.3629231Z] [Info] [Thread 1] Starting game runtime.
[2026-04-25T20:26:02.8011934Z] [Debug] [Thread 1] PETARPlanetExplorer instance created.
[2026-04-25T20:26:03.1528402Z] [Debug] [Thread 1] Initializing game systems.
[2026-04-25T20:26:03.2428077Z] [Debug] [Thread 1] Game content loaded.
[2026-04-25T20:26:03.2428582Z] [Info] [Thread 1] Loaded font resource 'Fonts/SpaceFont'.
[2026-04-25T20:26:03.2474680Z] [Info] [Thread 1] Started procedural world generation 4096x4096 using seed 74291, theme Earth, mountains 0.55, volcanoes 0.20, craters 0.35, gorges 0.25.
[2026-04-25T20:26:07.0082377Z] [Info] [Thread 1] Generated procedural world map 4096x4096 using seed 74291.
[2026-04-25T20:26:12.1536800Z] [Info] [Thread 1] Fullscreen toggled. Enabled: True.
[2026-04-25T20:26:16.4570654Z] [Info] [Thread 1] View mode toggled. Plan view enabled: False.
[2026-04-25T20:27:08.3900756Z] [Info] [Thread 1] Custom generation settings updated. Theme: Earth, mountains: 0.13, volcanoes: 0.20, craters: 0.02, gorges: 0.01.
[2026-04-25T20:27:08.3923162Z] [Info] [Thread 1] Started procedural world generation 4096x4096 using seed 74291, theme Earth, mountains 0.13, volcanoes 0.20, craters 0.02, gorges 0.01.
[2026-04-25T20:27:11.8644565Z] [Info] [Thread 1] Generated procedural world map 4096x4096 using seed 74291.
[2026-04-25T20:31:45.2405365Z] [Info] [Thread 1] Custom generation settings updated. Theme: Earth, mountains: 0.00, volcanoes: 0.00, craters: 0.99, gorges: 0.01.
[2026-04-25T20:31:45.2413047Z] [Info] [Thread 1] Started procedural world generation 4096x4096 using seed 74291, theme Earth, mountains 0.00, volcanoes 0.00, craters 0.99, gorges 0.01.
[2026-04-25T20:31:48.8679987Z] [Info] [Thread 1] Generated procedural world map 4096x4096 using seed 74291.
[2026-04-25T20:34:28.0908429Z] [Info] [Thread 1] Exit requested by player input.
[2026-04-25T20:34:28.0913418Z] [Debug] [Thread 1] Unloading game content.
[2026-04-25T20:34:28.0917593Z] [Info] [Thread 1] Game runtime stopped normally.
[2026-04-25T20:34:28.9135164Z] [Info] [Thread 1] Shutting down debug logging.
