[2026-04-26T13:03:25.3293040Z] [Info] [Thread 1] Debug logging initialized. Writing to 'D:\NewProjects\Games\PETAR-PlanetExplorer\PETAR-PlanetExplorer\bin\Debug\net8.0\logs\PETAR-PlanetExplorer-20260426-130325.log'.
[2026-04-26T13:03:25.3306910Z] [Info] [Thread 1] Starting game runtime.
[2026-04-26T13:03:25.7699584Z] [Debug] [Thread 1] PETARPlanetExplorer instance created.
[2026-04-26T13:03:26.3232490Z] [Debug] [Thread 1] Initializing game systems.
[2026-04-26T13:03:26.4280688Z] [Debug] [Thread 1] Game content loaded.
[2026-04-26T13:03:26.4281249Z] [Info] [Thread 1] Loaded font resource 'Fonts/SpaceFont'.
[2026-04-26T13:03:26.4330164Z] [Info] [Thread 1] Started procedural world generation 4096x4096 using seed 74291, theme Earth, mountains 0.55, volcanoes 0.20, craters 0.35, gorges 0.25.
[2026-04-26T13:03:29.9402328Z] [Info] [Thread 1] Generated procedural world map 4096x4096 using seed 74291.
[2026-04-26T13:03:38.9207103Z] [Info] [Thread 1] View mode toggled. Plan view enabled: False.
[2026-04-26T13:03:55.5701688Z] [Info] [Thread 1] Terrain follow mode enabled: True.
[2026-04-26T13:05:14.1869700Z] [Info] [Thread 1] Custom generation settings updated. Theme: Solarax, mountains: 0.55, volcanoes: 0.20, craters: 0.35, gorges: 0.25.
[2026-04-26T13:05:14.1892859Z] [Info] [Thread 1] Started procedural world generation 4096x4096 using seed 74291, theme Solarax, mountains 0.55, volcanoes 0.20, craters 0.35, gorges 0.25.
[2026-04-26T13:05:17.4902361Z] [Info] [Thread 1] Generated procedural world map 4096x4096 using seed 74291.
[2026-04-26T13:05:23.3873628Z] [Info] [Thread 1] View mode toggled. Plan view enabled: True.
[2026-04-26T13:05:38.3873311Z] [Info] [Thread 1] View mode toggled. Plan view enabled: False.
[2026-04-26T13:05:41.4035659Z] [Info] [Thread 1] Terrain follow mode enabled: False.
[2026-04-26T13:05:50.3202846Z] [Info] [Thread 1] Custom generation settings updated. Theme: Solarax, mountains: 0.55, volcanoes: 0.20, craters: 0.35, gorges: 0.25.
[2026-04-26T13:05:50.3210788Z] [Info] [Thread 1] Started procedural world generation 4096x4096 using seed 74291, theme Solarax, mountains 0.55, volcanoes 0.20, craters 0.35, gorges 0.25.
[2026-04-26T13:05:53.5065735Z] [Info] [Thread 1] Generated procedural world map 4096x4096 using seed 74291.
[2026-04-26T13:06:46.3537125Z] [Info] [Thread 1] Custom generation settings updated. Theme: Solarax, mountains: 0.00, volcanoes: 0.01, craters: 0.00, gorges: 0.00.
[2026-04-26T13:06:46.3541669Z] [Info] [Thread 1] Started procedural world generation 4096x4096 using seed 74291, theme Solarax, mountains 0.00, volcanoes 0.01, craters 0.00, gorges 0.00.
[2026-04-26T13:06:49.6069307Z] [Info] [Thread 1] Generated procedural world map 4096x4096 using seed 74291.
[2026-04-26T13:06:56.0874763Z] [Info] [Thread 1] View mode toggled. Plan view enabled: True.
[2026-04-26T13:07:04.3542218Z] [Info] [Thread 1] View mode toggled. Plan view enabled: False.
[2026-04-26T13:08:27.3837778Z] [Info] [Thread 1] Fullscreen toggled. Enabled: True.
[2026-04-26T13:09:18.3976545Z] [Info] [Thread 1] Custom generation settings updated. Theme: Solarax, mountains: 0.00, volcanoes: 0.01, craters: 0.00, gorges: 0.00.
[2026-04-26T13:09:18.3981507Z] [Info] [Thread 1] Started procedural world generation 4096x4096 using seed 74291, theme Solarax, mountains 0.00, volcanoes 0.01, craters 0.00, gorges 0.00.
[2026-04-26T13:09:21.5742135Z] [Info] [Thread 1] Generated procedural world map 4096x4096 using seed 74291.
[2026-04-26T13:11:06.7478541Z] [Info] [Thread 1] Exit requested by player input.
[2026-04-26T13:11:06.7483401Z] [Debug] [Thread 1] Unloading game content.
[2026-04-26T13:11:06.7487538Z] [Info] [Thread 1] Game runtime stopped normally.
[2026-04-26T13:11:07.5473818Z] [Info] [Thread 1] Shutting down debug logging.
